6월 19, 2017 9:38:20 오후 org.eclipse.birt.report.engine.layout.pdf.font.FontMappingManagerFactory createFont
경고: UniKS-UCS2-H
ExceptionConverter: java.io.UnsupportedEncodingException: UniKS-UCS2-H
	at java.lang.StringCoding.encode(StringCoding.java:341)
	at java.lang.String.getBytes(String.java:918)
	at com.lowagie.text.pdf.PdfEncodings.convertToBytes(Unknown Source)
	at com.lowagie.text.pdf.TrueTypeFont.<init>(Unknown Source)
	at com.lowagie.text.pdf.BaseFont.createFont(Unknown Source)
	at com.lowagie.text.pdf.BaseFont.createFont(Unknown Source)
	at com.lowagie.text.pdf.BaseFont.createFont(Unknown Source)
	at com.lowagie.text.FontFactoryImp.getFont(Unknown Source)
	at com.lowagie.text.FontFactoryImp.getFont(Unknown Source)
	at com.lowagie.text.FontFactory.getFont(Unknown Source)
	at com.lowagie.text.FontFactory.getFont(Unknown Source)
	at org.eclipse.birt.report.engine.layout.pdf.font.FontMappingManagerFactory.createFont(FontMappingManagerFactory.java:525)
	at org.eclipse.birt.report.engine.layout.pdf.font.FontMappingManager.createFont(FontMappingManager.java:163)
	at org.eclipse.birt.report.engine.layout.pdf.font.CompositeFont.<init>(CompositeFont.java:113)
	at org.eclipse.birt.report.engine.layout.pdf.font.FontMappingManagerFactory.createCompositeFont(FontMappingManagerFactory.java:490)
	at org.eclipse.birt.report.engine.layout.pdf.font.FontMappingManager.<init>(FontMappingManager.java:70)
	at org.eclipse.birt.report.engine.layout.pdf.font.FontMappingManagerFactory.createFontMappingManager(FontMappingManagerFactory.java:322)
	at org.eclipse.birt.report.engine.layout.pdf.font.FontMappingManagerFactory.createFontMappingManager(FontMappingManagerFactory.java:297)
	at org.eclipse.birt.report.engine.layout.pdf.font.FontMappingManagerFactory.getFontMappingManager(FontMappingManagerFactory.java:171)
	at org.eclipse.birt.report.engine.nLayout.LayoutContext.getFontManager(LayoutContext.java:356)
	at org.eclipse.birt.report.engine.nLayout.area.impl.TextAreaLayout.<init>(TextAreaLayout.java:76)
	at org.eclipse.birt.report.engine.nLayout.area.impl.InlineTextArea.layout(InlineTextArea.java:64)
	at org.eclipse.birt.report.engine.nLayout.LayoutEngine.startContent(LayoutEngine.java:562)
	at org.eclipse.birt.report.engine.emitter.ContentEmitterAdapter.startText(ContentEmitterAdapter.java:147)
	at org.eclipse.birt.report.engine.emitter.ContentEmitterAdapter.startLabel(ContentEmitterAdapter.java:153)
	at org.eclipse.birt.report.engine.emitter.ContentEmitterUtil.startContent(ContentEmitterUtil.java:65)
	at org.eclipse.birt.report.engine.nLayout.LayoutEngine.visitContent(LayoutEngine.java:713)
	at org.eclipse.birt.report.engine.nLayout.LayoutEngine.visitContent(LayoutEngine.java:721)
	at org.eclipse.birt.report.engine.nLayout.LayoutEngine.visitChildren(LayoutEngine.java:737)
	at org.eclipse.birt.report.engine.nLayout.area.impl.ForeignHTMLRegionLayout$ForeignHTMLRegionLayoutEngine.layout(ForeignHTMLRegionLayout.java:103)
	at org.eclipse.birt.report.engine.nLayout.area.impl.ForeignHTMLRegionLayout.layout(ForeignHTMLRegionLayout.java:53)
	at org.eclipse.birt.report.engine.nLayout.LayoutEngine.processHTML(LayoutEngine.java:811)
	at org.eclipse.birt.report.engine.nLayout.LayoutEngine.startForeign(LayoutEngine.java:750)
	at org.eclipse.birt.report.engine.emitter.ContentEmitterUtil.startContent(ContentEmitterUtil.java:77)
	at org.eclipse.birt.report.engine.nLayout.LayoutEngine.visitContent(LayoutEngine.java:713)
	at org.eclipse.birt.report.engine.nLayout.LayoutEngine.visitChildren(LayoutEngine.java:737)
	at org.eclipse.birt.report.engine.nLayout.RegionLayoutEngine.layout(RegionLayoutEngine.java:31)
	at org.eclipse.birt.report.engine.nLayout.area.impl.PageArea.layoutFooter(PageArea.java:489)
	at org.eclipse.birt.report.engine.nLayout.area.impl.PageArea.initialize(PageArea.java:249)
	at org.eclipse.birt.report.engine.nLayout.area.impl.RootArea.createNewPage(RootArea.java:147)
	at org.eclipse.birt.report.engine.nLayout.area.impl.RootArea.initialize(RootArea.java:138)
	at org.eclipse.birt.report.engine.nLayout.LayoutEngine.setContainer(LayoutEngine.java:366)
	at org.eclipse.birt.report.engine.nLayout.LayoutEngine._startContainer(LayoutEngine.java:454)
	at org.eclipse.birt.report.engine.nLayout.LayoutEngine.startContainer(LayoutEngine.java:353)
	at org.eclipse.birt.report.engine.emitter.ContentEmitterAdapter.startPage(ContentEmitterAdapter.java:65)
	at org.eclipse.birt.report.engine.emitter.ContentEmitterUtil.startContent(ContentEmitterUtil.java:47)
	at org.eclipse.birt.report.engine.layout.html.buffer.PageNode.start(PageNode.java:49)
	at org.eclipse.birt.report.engine.layout.html.buffer.ContainerBufferNode.start(ContainerBufferNode.java:79)
	at org.eclipse.birt.report.engine.layout.html.buffer.ContainerBufferNode.start(ContainerBufferNode.java:79)
	at org.eclipse.birt.report.engine.layout.html.buffer.ContainerBufferNode.start(ContainerBufferNode.java:79)
	at org.eclipse.birt.report.engine.layout.html.buffer.ContainerBufferNode.start(ContainerBufferNode.java:79)
	at org.eclipse.birt.report.engine.layout.html.buffer.HTMLPageBuffer.startContent(HTMLPageBuffer.java:113)
	at org.eclipse.birt.report.engine.layout.html.buffer.TableBreakBuffer.startContent(TableBreakBuffer.java:287)
	at org.eclipse.birt.report.engine.layout.html.HTMLLeafItemLM.start(HTMLLeafItemLM.java:67)
	at org.eclipse.birt.report.engine.layout.html.HTMLAbstractLM.layout(HTMLAbstractLM.java:139)
	at org.eclipse.birt.report.engine.layout.html.HTMLBlockStackingLM.layoutNodes(HTMLBlockStackingLM.java:70)
	at org.eclipse.birt.report.engine.layout.html.HTMLStackingLM.layoutChildren(HTMLStackingLM.java:26)
	at org.eclipse.birt.report.engine.layout.html.HTMLAbstractLM.layout(HTMLAbstractLM.java:140)
	at org.eclipse.birt.report.engine.layout.html.HTMLInlineStackingLM.resumeLayout(HTMLInlineStackingLM.java:111)
	at org.eclipse.birt.report.engine.layout.html.HTMLInlineStackingLM.layoutNodes(HTMLInlineStackingLM.java:160)
	at org.eclipse.birt.report.engine.layout.html.HTMLStackingLM.layoutChildren(HTMLStackingLM.java:26)
	at org.eclipse.birt.report.engine.layout.html.HTMLAbstractLM.layout(HTMLAbstractLM.java:140)
	at org.eclipse.birt.report.engine.layout.html.HTMLBlockStackingLM.layoutNodes(HTMLBlockStackingLM.java:70)
	at org.eclipse.birt.report.engine.layout.html.HTMLStackingLM.layoutChildren(HTMLStackingLM.java:26)
	at org.eclipse.birt.report.engine.layout.html.HTMLTableBandLM.layoutChildren(HTMLTableBandLM.java:67)
	at org.eclipse.birt.report.engine.layout.html.HTMLAbstractLM.layout(HTMLAbstractLM.java:140)
	at org.eclipse.birt.report.engine.layout.html.HTMLBlockStackingLM.layoutNodes(HTMLBlockStackingLM.java:70)
	at org.eclipse.birt.report.engine.layout.html.HTMLStackingLM.layoutChildren(HTMLStackingLM.java:26)
	at org.eclipse.birt.report.engine.layout.html.HTMLRepeatHeaderLM.layoutChildren(HTMLRepeatHeaderLM.java:46)
	at org.eclipse.birt.report.engine.layout.html.HTMLAbstractLM.layout(HTMLAbstractLM.java:140)
	at org.eclipse.birt.report.engine.layout.html.HTMLBlockStackingLM.layoutNodes(HTMLBlockStackingLM.java:70)
	at org.eclipse.birt.report.engine.layout.html.HTMLPageLM.layout(HTMLPageLM.java:92)
	at org.eclipse.birt.report.engine.layout.html.HTMLReportLayoutEngine.layout(HTMLReportLayoutEngine.java:100)
	at org.eclipse.birt.report.engine.presentation.ReportDocumentBuilder.build(ReportDocumentBuilder.java:249)
	at org.eclipse.birt.report.engine.api.impl.RunTask.doRun(RunTask.java:273)
	at org.eclipse.birt.report.engine.api.impl.RunTask.run(RunTask.java:89)
	at org.eclipse.birt.report.service.ReportEngineService.runReport(ReportEngineService.java:1325)
	at org.eclipse.birt.report.service.BirtViewerReportService.runReport(BirtViewerReportService.java:159)
	at org.eclipse.birt.report.service.actionhandler.BirtRunReportActionHandler.__execute(BirtRunReportActionHandler.java:81)
	at org.eclipse.birt.report.service.actionhandler.BirtGetPageActionHandler.__checkDocumentExists(BirtGetPageActionHandler.java:58)
	at org.eclipse.birt.report.service.actionhandler.AbstractGetPageActionHandler.prepareParameters(AbstractGetPageActionHandler.java:118)
	at org.eclipse.birt.report.service.actionhandler.AbstractGetPageActionHandler.__execute(AbstractGetPageActionHandler.java:103)
	at org.eclipse.birt.report.service.actionhandler.AbstractBaseActionHandler.execute(AbstractBaseActionHandler.java:90)
	at org.eclipse.birt.report.soapengine.processor.AbstractBaseDocumentProcessor.__executeAction(AbstractBaseDocumentProcessor.java:47)
	at org.eclipse.birt.report.soapengine.processor.AbstractBaseComponentProcessor.executeAction(AbstractBaseComponentProcessor.java:143)
	at org.eclipse.birt.report.soapengine.processor.BirtDocumentProcessor.handleGetPage(BirtDocumentProcessor.java:87)
	at sun.reflect.NativeMethodAccessorImpl.invoke0(Native Method)
	at sun.reflect.NativeMethodAccessorImpl.invoke(NativeMethodAccessorImpl.java:62)
	at sun.reflect.DelegatingMethodAccessorImpl.invoke(DelegatingMethodAccessorImpl.java:43)
	at java.lang.reflect.Method.invoke(Method.java:498)
	at org.eclipse.birt.report.soapengine.processor.AbstractBaseComponentProcessor.process(AbstractBaseComponentProcessor.java:112)
	at org.eclipse.birt.report.soapengine.endpoint.BirtSoapBindingImpl.getUpdatedObjects(BirtSoapBindingImpl.java:66)
	at sun.reflect.NativeMethodAccessorImpl.invoke0(Native Method)
	at sun.reflect.NativeMethodAccessorImpl.invoke(NativeMethodAccessorImpl.java:62)
	at sun.reflect.DelegatingMethodAccessorImpl.invoke(DelegatingMethodAccessorImpl.java:43)
	at java.lang.reflect.Method.invoke(Method.java:498)
	at org.apache.axis.providers.java.RPCProvider.invokeMethod(RPCProvider.java:397)
	at org.apache.axis.providers.java.RPCProvider.processMessage(RPCProvider.java:186)
	at org.apache.axis.providers.java.JavaProvider.invoke(JavaProvider.java:323)
	at org.apache.axis.strategies.InvocationStrategy.visit(InvocationStrategy.java:32)
	at org.apache.axis.SimpleChain.doVisiting(SimpleChain.java:118)
	at org.apache.axis.SimpleChain.invoke(SimpleChain.java:83)
	at org.apache.axis.handlers.soap.SOAPService.invoke(SOAPService.java:454)
	at org.apache.axis.server.AxisServer.invoke(AxisServer.java:281)
	at org.apache.axis.transport.http.AxisServlet.doPost(AxisServlet.java:699)
	at org.eclipse.birt.report.servlet.BirtSoapMessageDispatcherServlet.doPost(BirtSoapMessageDispatcherServlet.java:265)
	at javax.servlet.http.HttpServlet.service(HttpServlet.java:661)
	at org.apache.axis.transport.http.AxisServletBase.service(AxisServletBase.java:327)
	at javax.servlet.http.HttpServlet.service(HttpServlet.java:742)
	at org.eclipse.birt.report.servlet.BirtSoapMessageDispatcherServlet.service(BirtSoapMessageDispatcherServlet.java:122)
	at org.apache.catalina.core.ApplicationFilterChain.internalDoFilter(ApplicationFilterChain.java:231)
	at org.apache.catalina.core.ApplicationFilterChain.doFilter(ApplicationFilterChain.java:166)
	at org.eclipse.birt.report.filter.ViewerFilter.doFilter(ViewerFilter.java:68)
	at org.apache.catalina.core.ApplicationFilterChain.internalDoFilter(ApplicationFilterChain.java:193)
	at org.apache.catalina.core.ApplicationFilterChain.doFilter(ApplicationFilterChain.java:166)
	at org.apache.tomcat.websocket.server.WsFilter.doFilter(WsFilter.java:52)
	at org.apache.catalina.core.ApplicationFilterChain.internalDoFilter(ApplicationFilterChain.java:193)
	at org.apache.catalina.core.ApplicationFilterChain.doFilter(ApplicationFilterChain.java:166)
	at org.apache.catalina.core.StandardWrapperValve.invoke(StandardWrapperValve.java:198)
	at org.apache.catalina.core.StandardContextValve.invoke(StandardContextValve.java:96)
	at org.apache.catalina.authenticator.AuthenticatorBase.invoke(AuthenticatorBase.java:478)
	at org.apache.catalina.core.StandardHostValve.invoke(StandardHostValve.java:140)
	at org.apache.catalina.valves.ErrorReportValve.invoke(ErrorReportValve.java:80)
	at org.apache.catalina.valves.AbstractAccessLogValve.invoke(AbstractAccessLogValve.java:624)
	at org.apache.catalina.core.StandardEngineValve.invoke(StandardEngineValve.java:87)
	at org.apache.catalina.connector.CoyoteAdapter.service(CoyoteAdapter.java:342)
	at org.apache.coyote.http11.Http11Processor.service(Http11Processor.java:799)
	at org.apache.coyote.AbstractProcessorLight.process(AbstractProcessorLight.java:66)
	at org.apache.coyote.AbstractProtocol$ConnectionHandler.process(AbstractProtocol.java:861)
	at org.apache.tomcat.util.net.NioEndpoint$SocketProcessor.doRun(NioEndpoint.java:1455)
	at org.apache.tomcat.util.net.SocketProcessorBase.run(SocketProcessorBase.java:49)
	at java.util.concurrent.ThreadPoolExecutor.runWorker(ThreadPoolExecutor.java:1142)
	at java.util.concurrent.ThreadPoolExecutor$Worker.run(ThreadPoolExecutor.java:617)
	at org.apache.tomcat.util.threads.TaskThread$WrappingRunnable.run(TaskThread.java:61)
	at java.lang.Thread.run(Thread.java:745)

